

*******************************************************************************
Wed Mar 06 14:27:27 2019


FIT:    data read from "osc1.dat" using 1:2
        format = x:z
        x range restricted to [0.00000 : 50.0000]
        #datapoints = 50001
        residuals are weighted equally (unit weight)

function used for fitting: x(t)
	x(t) = cos(w*t + p)
BREAK: Need via and either parameter list or file

*******************************************************************************
Wed Mar 06 14:27:44 2019


FIT:    data read from "osc1.dat" using 1:2
        format = x:z
        x range restricted to [0.00000 : 50.0000]
        #datapoints = 50001
        residuals are weighted equally (unit weight)

function used for fitting: x(t)
	x(t) = cos(w*t + p)
fitted parameters initialized with current variable values

iter      chisq       delta/lim  lambda   w             p            
   0 4.0389690009e+04  0.00e+00 5.95e-01  1.000000e+00  1.000000e+00
BREAK: Singular matrix in Invert_RtR

*******************************************************************************
Wed Mar 06 14:28:20 2019


FIT:    data read from "osc1.dat" using 1:2
        format = x:z
        x range restricted to [0.00000 : 50.0000]
        #datapoints = 50001
        residuals are weighted equally (unit weight)

function used for fitting: x(t)
	x(t) = cos(w*t + p)
fitted parameters initialized with current variable values

iter      chisq       delta/lim  lambda   w             p            
   0 4.0389690009e+04  0.00e+00 5.95e-01  1.000000e+00  1.000000e+00
BREAK: Singular matrix in Invert_RtR

*******************************************************************************
Wed Mar 06 14:30:00 2019


FIT:    data read from "osc1.dat" using 1:2
        format = x:z
        x range restricted to [0.00000 : 50.0000]
        #datapoints = 50001
        residuals are weighted equally (unit weight)

function used for fitting: f(x)
	f(x) = cos(w*x + p)
fitted parameters initialized with current variable values

iter      chisq       delta/lim  lambda   w             p            
   0 2.3314833633e+04  0.00e+00 1.42e+01  1.000000e+00  1.000000e+00
   4 5.2312756749e+00  0.00e+00 1.42e+08  9.999908e-01  1.464580e-03

After 4 iterations the fit converged.
final sum of squares of residuals : 5.23128
rel. change during last iteration : 0

degrees of freedom    (FIT_NDF)                        : 49999
rms of residuals      (FIT_STDFIT) = sqrt(WSSR/ndf)    : 0.0102288
variance of residuals (reduced chisquare) = WSSR/ndf   : 0.000104628

Final set of parameters            Asymptotic Standard Error
=======================            ==========================
w               = 0.999991         +/- 4.458e-006   (0.0004458%)
p               = 0.00146458       +/- 0.0001292    (8.821%)

correlation matrix of the fit parameters:
                w      p      
w               1.000 
p              -0.866  1.000 


*******************************************************************************
Wed Mar 06 14:30:01 2019


FIT:    data read from "osc1.dat" using 1:3
        format = x:z
        x range restricted to [0.00000 : 50.0000]
        #datapoints = 50001
        residuals are weighted equally (unit weight)

function used for fitting: g(x)
	g(x) = -w*sin(m*x + d)
fitted parameters initialized with current variable values

iter      chisq       delta/lim  lambda   m             d            
   0 2.3161268483e+04  0.00e+00 1.47e+01  1.000000e+00  1.000000e+00
   4 5.3937706212e+00  0.00e+00 1.47e+08  9.999355e-01  2.406173e-03

After 4 iterations the fit converged.
final sum of squares of residuals : 5.39377
rel. change during last iteration : 0

degrees of freedom    (FIT_NDF)                        : 49999
rms of residuals      (FIT_STDFIT) = sqrt(WSSR/ndf)    : 0.0103864
variance of residuals (reduced chisquare) = WSSR/ndf   : 0.000107878

Final set of parameters            Asymptotic Standard Error
=======================            ==========================
m               = 0.999935         +/- 4.573e-006   (0.0004574%)
d               = 0.00240617       +/- 0.0001315    (5.464%)

correlation matrix of the fit parameters:
                m      d      
m               1.000 
d              -0.865  1.000 


*******************************************************************************
Wed Mar 06 14:35:09 2019


FIT:    data read from "osc1.dat" using 1:2
        format = x:z
        x range restricted to [0.00000 : 50.0000]
        #datapoints = 50001
        residuals are weighted equally (unit weight)

function used for fitting: f(x)
	f(x) = cos(2*pi*x/T + p)
fitted parameters initialized with current variable values

iter      chisq       delta/lim  lambda   T             p            
   0 5.0497912467e+04  0.00e+00 9.02e+01  1.000000e+00  1.000000e+00
   1 5.0497912467e+04  0.00e+00 9.02e+09  1.000000e+00  1.000000e+00

After 1 iterations the fit converged.
final sum of squares of residuals : 50497.9
rel. change during last iteration : 0

degrees of freedom    (FIT_NDF)                        : 49999
rms of residuals      (FIT_STDFIT) = sqrt(WSSR/ndf)    : 1.00498
variance of residuals (reduced chisquare) = WSSR/ndf   : 1.00998

Final set of parameters            Asymptotic Standard Error
=======================            ==========================
T               = 1                +/- 6.916e-005   (0.006916%)
p               = 1                +/- 0.01247      (1.247%)

correlation matrix of the fit parameters:
                T      p      
T               1.000 
p               0.860  1.000 


*******************************************************************************
Wed Mar 06 14:35:11 2019


FIT:    data read from "osc1.dat" using 1:3
        format = x:z
        x range restricted to [0.00000 : 50.0000]
        #datapoints = 50001
        residuals are weighted equally (unit weight)

function used for fitting: g(x)
	g(x) = -(2*pi/F)*sin(2*pi*x/F + d)
fitted parameters initialized with current variable values

iter      chisq       delta/lim  lambda   F             d            
   0 1.0124631862e+06  0.00e+00 5.69e+02  1.000000e+00  1.000000e+00
 379 8.0357104267e+04  0.00e+00 5.69e+07  4.089977e+00  1.311171e+02

After 379 iterations the fit converged.
final sum of squares of residuals : 80357.1
rel. change during last iteration : 0

degrees of freedom    (FIT_NDF)                        : 49999
rms of residuals      (FIT_STDFIT) = sqrt(WSSR/ndf)    : 1.26774
variance of residuals (reduced chisquare) = WSSR/ndf   : 1.60717

Final set of parameters            Asymptotic Standard Error
=======================            ==========================
F               = 4.08998          +/- 0.0009301    (0.02274%)
d               = 131.117          +/- 0.0101       (0.007703%)

correlation matrix of the fit parameters:
                F      d      
F               1.000 
d               0.858  1.000 


*******************************************************************************
Wed Mar 06 14:38:01 2019


FIT:    data read from "osc1.dat" using 1:2
        format = x:z
        x range restricted to [0.00000 : 50.0000]
        #datapoints = 50001
        residuals are weighted equally (unit weight)

function used for fitting: f(x)
	f(x) = cos(w*x + p)
fitted parameters initialized with current variable values

iter      chisq       delta/lim  lambda   w             p            
   0 2.3314833633e+04  0.00e+00 1.42e+01  1.000000e+00  1.000000e+00
   4 5.2312756749e+00  0.00e+00 1.42e+08  9.999908e-01  1.464580e-03

After 4 iterations the fit converged.
final sum of squares of residuals : 5.23128
rel. change during last iteration : 0

degrees of freedom    (FIT_NDF)                        : 49999
rms of residuals      (FIT_STDFIT) = sqrt(WSSR/ndf)    : 0.0102288
variance of residuals (reduced chisquare) = WSSR/ndf   : 0.000104628

Final set of parameters            Asymptotic Standard Error
=======================            ==========================
w               = 0.999991         +/- 4.458e-006   (0.0004458%)
p               = 0.00146458       +/- 0.0001292    (8.821%)

correlation matrix of the fit parameters:
                w      p      
w               1.000 
p              -0.866  1.000 


*******************************************************************************
Wed Mar 06 14:38:02 2019


FIT:    data read from "osc1.dat" using 1:3
        format = x:z
        x range restricted to [0.00000 : 50.0000]
        #datapoints = 50001
        residuals are weighted equally (unit weight)

function used for fitting: g(x)
	g(x) = -m*sin(m*x + d)
fitted parameters initialized with current variable values

iter      chisq       delta/lim  lambda   m             d            
   0 2.3161473926e+04  0.00e+00 1.47e+01  1.000000e+00  1.000000e+00
   4 5.3853672433e+00  0.00e+00 1.47e+08  9.999975e-01  8.654318e-04

After 4 iterations the fit converged.
final sum of squares of residuals : 5.38537
rel. change during last iteration : 0

degrees of freedom    (FIT_NDF)                        : 49999
rms of residuals      (FIT_STDFIT) = sqrt(WSSR/ndf)    : 0.0103783
variance of residuals (reduced chisquare) = WSSR/ndf   : 0.000107709

Final set of parameters            Asymptotic Standard Error
=======================            ==========================
m               = 0.999997         +/- 4.573e-006   (0.0004573%)
d               = 0.000865432      +/- 0.0001315    (15.2%)

correlation matrix of the fit parameters:
                m      d      
m               1.000 
d              -0.866  1.000 


*******************************************************************************
Tue Mar 12 23:37:59 2019


FIT:    data read from "osc1.dat" using 1:2
        format = x:z
        x range restricted to [0.00000 : 50.0000]
        #datapoints = 50001
        residuals are weighted equally (unit weight)

function used for fitting: f(x)
	f(x) = cos(w*x + p)
fitted parameters initialized with current variable values

iter      chisq       delta/lim  lambda   w             p            
   0 2.3314833633e+04  0.00e+00 1.42e+01  1.000000e+00  1.000000e+00
   4 5.2312756749e+00  0.00e+00 1.42e+08  9.999908e-01  1.464580e-03

After 4 iterations the fit converged.
final sum of squares of residuals : 5.23128
rel. change during last iteration : 0

degrees of freedom    (FIT_NDF)                        : 49999
rms of residuals      (FIT_STDFIT) = sqrt(WSSR/ndf)    : 0.0102288
variance of residuals (reduced chisquare) = WSSR/ndf   : 0.000104628

Final set of parameters            Asymptotic Standard Error
=======================            ==========================
w               = 0.999991         +/- 4.458e-006   (0.0004458%)
p               = 0.00146458       +/- 0.0001292    (8.821%)

correlation matrix of the fit parameters:
                w      p      
w               1.000 
p              -0.866  1.000 


*******************************************************************************
Tue Mar 12 23:38:01 2019


FIT:    data read from "osc1.dat" using 1:3
        format = x:z
        x range restricted to [0.00000 : 50.0000]
        #datapoints = 50001
        residuals are weighted equally (unit weight)

function used for fitting: g(x)
	g(x) = -m*sin(m*x + d)
fitted parameters initialized with current variable values

iter      chisq       delta/lim  lambda   m             d            
   0 2.3161473926e+04  0.00e+00 1.47e+01  1.000000e+00  1.000000e+00
   4 5.3853672433e+00  0.00e+00 1.47e+08  9.999975e-01  8.654318e-04

After 4 iterations the fit converged.
final sum of squares of residuals : 5.38537
rel. change during last iteration : 0

degrees of freedom    (FIT_NDF)                        : 49999
rms of residuals      (FIT_STDFIT) = sqrt(WSSR/ndf)    : 0.0103783
variance of residuals (reduced chisquare) = WSSR/ndf   : 0.000107709

Final set of parameters            Asymptotic Standard Error
=======================            ==========================
m               = 0.999997         +/- 4.573e-006   (0.0004573%)
d               = 0.000865432      +/- 0.0001315    (15.2%)

correlation matrix of the fit parameters:
                m      d      
m               1.000 
d              -0.866  1.000 


*******************************************************************************
Tue Mar 12 23:42:52 2019


FIT:    data read from "osc1.dat" using 1:2
        format = x:z
        x range restricted to [0.00000 : 50.0000]
        #datapoints = 50001
        residuals are weighted equally (unit weight)

function used for fitting: f(x)
	f(x) = cos(w*x + p)
fitted parameters initialized with current variable values

iter      chisq       delta/lim  lambda   w             p            
   0 2.3314833633e+04  0.00e+00 1.42e+01  1.000000e+00  1.000000e+00
   4 5.2312756749e+00  0.00e+00 1.42e+08  9.999908e-01  1.464580e-03

After 4 iterations the fit converged.
final sum of squares of residuals : 5.23128
rel. change during last iteration : 0

degrees of freedom    (FIT_NDF)                        : 49999
rms of residuals      (FIT_STDFIT) = sqrt(WSSR/ndf)    : 0.0102288
variance of residuals (reduced chisquare) = WSSR/ndf   : 0.000104628

Final set of parameters            Asymptotic Standard Error
=======================            ==========================
w               = 0.999991         +/- 4.458e-006   (0.0004458%)
p               = 0.00146458       +/- 0.0001292    (8.821%)

correlation matrix of the fit parameters:
                w      p      
w               1.000 
p              -0.866  1.000 


*******************************************************************************
Tue Mar 12 23:42:57 2019


FIT:    data read from "osc1.dat" using 1:3
        format = x:z
        x range restricted to [0.00000 : 50.0000]
        #datapoints = 50001
        residuals are weighted equally (unit weight)

function used for fitting: g(x)
	g(x) = -m*sin(m*x + d)
fitted parameters initialized with current variable values

iter      chisq       delta/lim  lambda   m             d            
   0 2.3161473926e+04  0.00e+00 1.47e+01  1.000000e+00  1.000000e+00
   4 5.3853672433e+00  0.00e+00 1.47e+08  9.999975e-01  8.654318e-04

After 4 iterations the fit converged.
final sum of squares of residuals : 5.38537
rel. change during last iteration : 0

degrees of freedom    (FIT_NDF)                        : 49999
rms of residuals      (FIT_STDFIT) = sqrt(WSSR/ndf)    : 0.0103783
variance of residuals (reduced chisquare) = WSSR/ndf   : 0.000107709

Final set of parameters            Asymptotic Standard Error
=======================            ==========================
m               = 0.999997         +/- 4.573e-006   (0.0004573%)
d               = 0.000865432      +/- 0.0001315    (15.2%)

correlation matrix of the fit parameters:
                m      d      
m               1.000 
d              -0.866  1.000 


*******************************************************************************
Wed Mar 13 03:07:13 2019


FIT:    data read from 'pendthetavT.dat'
        format = z
        #datapoints = 8
        residuals are weighted equally (unit weight)

function used for fitting: f(x)
	f(x) = x^p
fitted parameters initialized with current variable values



*******************************************************************************
Wed Mar 13 03:07:28 2019


FIT:    data read from 'pendthetavT.dat'
        format = z
        #datapoints = 8
        residuals are weighted equally (unit weight)

function used for fitting: f(x)
	f(x) = x^p
fitted parameters initialized with current variable values



*******************************************************************************
Wed Mar 13 03:07:36 2019


FIT:    data read from 'pendthetavT.dat'
        format = z
        #datapoints = 8
        residuals are weighted equally (unit weight)

function used for fitting: f(x)
	f(x) = x^p
fitted parameters initialized with current variable values



*******************************************************************************
Wed Mar 13 03:08:11 2019


FIT:    data read from 'pendthetavT.dat' using 1:2
        format = x:z
        #datapoints = 8
        residuals are weighted equally (unit weight)

function used for fitting: f(x)
	f(x) = x^p
fitted parameters initialized with current variable values



*******************************************************************************
Wed Mar 13 03:12:20 2019


FIT:    data read from 'pendthetavT.dat' using 1:2
        format = x:z
        #datapoints = 8
        residuals are weighted equally (unit weight)

function used for fitting: f(x)
	f(x) = x^p
fitted parameters initialized with current variable values



*******************************************************************************
Wed Mar 13 03:13:13 2019


FIT:    data read from 'pendthetavT.dat' using 1:2
        format = x:z
        #datapoints = 8
        residuals are weighted equally (unit weight)

function used for fitting: f(x)
	f(x) = x**p
fitted parameters initialized with current variable values

iter      chisq       delta/lim  lambda   p            
   0 5.8122695125e+13  0.00e+00 4.15e+07  3.000000e+00
  18 1.2849046524e+01 -1.53e-02 4.15e-11  2.641265e-01

After 18 iterations the fit converged.
final sum of squares of residuals : 12.849
rel. change during last iteration : -1.52973e-007

degrees of freedom    (FIT_NDF)                        : 7
rms of residuals      (FIT_STDFIT) = sqrt(WSSR/ndf)    : 1.35484
variance of residuals (reduced chisquare) = WSSR/ndf   : 1.83558

Final set of parameters            Asymptotic Standard Error
=======================            ==========================
p               = 0.264126         +/- 0.02987      (11.31%)


*******************************************************************************
Wed Mar 13 03:14:11 2019


FIT:    data read from 'pendthetavT.dat'
        format = z
        #datapoints = 8
        residuals are weighted equally (unit weight)

function used for fitting: f(x)
	f(x) = x**p
fitted parameters initialized with current variable values

iter      chisq       delta/lim  lambda   p            
   0 1.2849046524e+01  0.00e+00 4.24e+00  2.641265e-01
   1 1.2849046517e+01 -5.78e-05 4.24e-01  2.641259e-01

After 1 iterations the fit converged.
final sum of squares of residuals : 12.849
rel. change during last iteration : -5.78261e-010

degrees of freedom    (FIT_NDF)                        : 7
rms of residuals      (FIT_STDFIT) = sqrt(WSSR/ndf)    : 1.35484
variance of residuals (reduced chisquare) = WSSR/ndf   : 1.83558

Final set of parameters            Asymptotic Standard Error
=======================            ==========================
p               = 0.264126         +/- 0.02987      (11.31%)


*******************************************************************************
Wed Mar 13 03:15:20 2019


FIT:    data read from 'pendthetavT.dat'
        format = z
        #datapoints = 8
        residuals are weighted equally (unit weight)

function used for fitting: f(x)
	f(x) = x**p + b
fitted parameters initialized with current variable values

iter      chisq       delta/lim  lambda   p             b            
   0 2.3505302259e+01  0.00e+00 3.08e+00  2.641259e-01  1.000000e+00
  17 8.0613608134e+00 -1.26e-03 3.08e-05  4.009476e-01 -3.166586e+00

After 17 iterations the fit converged.
final sum of squares of residuals : 8.06136
rel. change during last iteration : -1.2562e-008

degrees of freedom    (FIT_NDF)                        : 6
rms of residuals      (FIT_STDFIT) = sqrt(WSSR/ndf)    : 1.15912
variance of residuals (reduced chisquare) = WSSR/ndf   : 1.34356

Final set of parameters            Asymptotic Standard Error
=======================            ==========================
p               = 0.400948         +/- 0.04904      (12.23%)
b               = -3.16659         +/- 1.516        (47.88%)

correlation matrix of the fit parameters:
                p      b      
p               1.000 
b              -0.963  1.000 


*******************************************************************************
Wed Mar 13 03:16:50 2019


FIT:    data read from 'pendthetavT.dat'
        format = z
        #datapoints = 8
        residuals are weighted equally (unit weight)

function used for fitting: f(x)
	f(x) = b*x**p
fitted parameters initialized with current variable values

iter      chisq       delta/lim  lambda   b             p            
   0 4.5812164423e+03  0.00e+00 3.13e+01 -3.166586e+00  4.009476e-01
   5 1.0127448189e+02  0.00e+00 3.13e-04  2.230874e+01 -2.883153e+01

After 5 iterations the fit converged.
final sum of squares of residuals : 101.274
rel. change during last iteration : 0

degrees of freedom    (FIT_NDF)                        : 6
rms of residuals      (FIT_STDFIT) = sqrt(WSSR/ndf)    : 4.10842
variance of residuals (reduced chisquare) = WSSR/ndf   : 16.8791

Final set of parameters            Asymptotic Standard Error
=======================            ==========================
b               = 22.3087          +/- 2.608e+052   (1.169e+053%)
p               = -28.8315         +/- 3.385e+050   (1.174e+051%)

correlation matrix of the fit parameters:
                b      p      
b               1.000 
p              -1.000  1.000 


*******************************************************************************
Wed Mar 13 03:17:33 2019


FIT:    data read from 'pendthetavT.dat'
        format = z
        #datapoints = 8
        residuals are weighted equally (unit weight)

function used for fitting: f(x)
	f(x) = b*x**p + c
fitted parameters initialized with current variable values

iter      chisq       delta/lim  lambda   b             p             c            
   0 5.7946681890e+01  0.00e+00 5.77e-01  2.230874e+01 -2.883153e+01  1.000000e+00
BREAK: Singular matrix in Invert_RtR

*******************************************************************************
Wed Mar 13 03:18:04 2019


FIT:    data read from 'pendthetavT.dat' u 1:2
        format = x:z
        #datapoints = 8
        residuals are weighted equally (unit weight)

function used for fitting: f(x)
	f(x) = b*x**p
fitted parameters initialized with current variable values

iter      chisq       delta/lim  lambda   b             p            
   0 1.0127448189e+02  0.00e+00 1.57e-43  2.230874e+01 -2.883153e+01

Current data point
=========================
#               = 1 out of 8
x               = 6.88251e+041   
z               = 2.0547         

Current set of parameters
=========================
b               = 6.88251e+041   
p               = 8.85625e+043   

BREAK: Function evaluation yields NaN ("not a number")

*******************************************************************************
Wed Mar 13 03:18:21 2019


FIT:    data read from 'pendthetavT.dat'
        format = z
        #datapoints = 8
        residuals are weighted equally (unit weight)

function used for fitting: f(x)
	f(x) = b*x**p
fitted parameters initialized with current variable values


Current data point
=========================
#               = 1 out of 8
x               = 6.88251e+041   
z               = 2.0547         

Current set of parameters
=========================
b               = 6.88251e+041   
p               = 8.85625e+043   

BREAK: Function evaluation yields NaN ("not a number")

*******************************************************************************
Wed Mar 13 03:18:30 2019


FIT:    data read from 'pendthetavT.dat'
        format = z
        #datapoints = 8
        residuals are weighted equally (unit weight)

function used for fitting: f(x)
	f(x) = b*x**p
fitted parameters initialized with current variable values

iter      chisq       delta/lim  lambda   b             p            
   0 2.7532169535e+97  0.00e+00 2.02e+49  6.882509e+41  3.000000e+00
   1 4.2632169652e+96 -5.46e+05 2.02e+48  6.854929e+41  2.817329e+00

The maximum lambda = 1.000000e+020 was exceeded. Fit stopped.
final sum of squares of residuals : 4.26322e+096
rel. change during last iteration : -5.45807

degrees of freedom    (FIT_NDF)                        : 6
rms of residuals      (FIT_STDFIT) = sqrt(WSSR/ndf)    : 8.42933e+047
variance of residuals (reduced chisquare) = WSSR/ndf   : 7.10536e+095

Final set of parameters            Asymptotic Standard Error
=======================            ==========================
b               = 6.85493e+041     +/- 9.576e+042   (1397%)
p               = 2.81733          +/- 2.729        (96.87%)

correlation matrix of the fit parameters:
                b      p      
b               1.000 
p              -1.000  1.000 


*******************************************************************************
Wed Mar 13 03:18:42 2019


FIT:    data read from 'pendthetavT.dat' u 1:2
        format = x:z
        #datapoints = 8
        residuals are weighted equally (unit weight)

function used for fitting: f(x)
	f(x) = b*x**p
fitted parameters initialized with current variable values

iter      chisq       delta/lim  lambda   b             p            
   0 2.7311953918e+97  0.00e+00 2.01e+49  6.854929e+41  3.000000e+00
   1 4.2291176927e+96 -5.46e+05 2.01e+48  6.827460e+41  2.817329e+00

The maximum lambda = 1.000000e+020 was exceeded. Fit stopped.
final sum of squares of residuals : 4.22912e+096
rel. change during last iteration : -5.45807

degrees of freedom    (FIT_NDF)                        : 6
rms of residuals      (FIT_STDFIT) = sqrt(WSSR/ndf)    : 8.39555e+047
variance of residuals (reduced chisquare) = WSSR/ndf   : 7.04853e+095

Final set of parameters            Asymptotic Standard Error
=======================            ==========================
b               = 6.82746e+041     +/- 9.537e+042   (1397%)
p               = 2.81733          +/- 2.729        (96.87%)

correlation matrix of the fit parameters:
                b      p      
b               1.000 
p              -1.000  1.000 


*******************************************************************************
Wed Mar 13 03:23:43 2019


FIT:    data read from 'pendthetavT.dat' u 1:2
        format = x:z
        #datapoints = 8
        residuals are weighted equally (unit weight)

function used for fitting: f(x)
	f(x) = a*(x-180)**(-p)
fitted parameters initialized with current variable values

iter      chisq       delta/lim  lambda   a             p            
   0 1.0295593240e+02  0.00e+00 1.15e-01  1.000000e+00  2.817329e+00
  84 9.3244160689e+01 -5.35e-01 1.15e+00  2.346904e+00  1.884710e+00

After 84 iterations the fit converged.
final sum of squares of residuals : 93.2442
rel. change during last iteration : -5.34691e-006

degrees of freedom    (FIT_NDF)                        : 6
rms of residuals      (FIT_STDFIT) = sqrt(WSSR/ndf)    : 3.94217
variance of residuals (reduced chisquare) = WSSR/ndf   : 15.5407

Final set of parameters            Asymptotic Standard Error
=======================            ==========================
a               = 2.3469           +/- 263.9        (1.124e+004%)
p               = 1.88471          +/- 230.7        (1.224e+004%)

correlation matrix of the fit parameters:
                a      p      
a               1.000 
p              -0.998  1.000 


*******************************************************************************
Wed Mar 13 03:26:13 2019


FIT:    data read from 'pendthetavT.dat' u 1:2
        format = x:z
        x range restricted to [20.0000 : 180.000]
        #datapoints = 8
        residuals are weighted equally (unit weight)

function used for fitting: f(x)
	f(x) = -a*(x-180)**(p)
fitted parameters initialized with current variable values

iter      chisq       delta/lim  lambda   a             p            
   0 9.3776790124e+01  0.00e+00 1.61e-01  1.000000e+00 -1.000000e+00
 110 5.5542982712e+01 -1.74e-01 1.61e-02  8.090625e+00  5.101091e-01

After 110 iterations the fit converged.
final sum of squares of residuals : 55.543
rel. change during last iteration : -1.74389e-006

degrees of freedom    (FIT_NDF)                        : 6
rms of residuals      (FIT_STDFIT) = sqrt(WSSR/ndf)    : 3.04256
variance of residuals (reduced chisquare) = WSSR/ndf   : 9.25716

Final set of parameters            Asymptotic Standard Error
=======================            ==========================
a               = 8.09062          +/- 749.1        (9259%)
p               = 0.510109         +/- 0.8933       (175.1%)

correlation matrix of the fit parameters:
                a      p      
a               1.000 
p              -1.000  1.000 


*******************************************************************************
Wed Mar 13 03:29:36 2019


FIT:    data read from 'pendthetavT.dat' u 1:2
        format = x:z
        x range restricted to [-6000.00 : 10000.0]
        #datapoints = 8
        residuals are weighted equally (unit weight)

function used for fitting: f(x)
	f(x) = (x-180)**(p)
fitted parameters initialized with current variable values

iter      chisq       delta/lim  lambda   a             p            
   0 6.1145098082e+04  0.00e+00 2.84e+02  1.000000e+00  1.000000e+00
BREAK: Singular matrix in Invert_RtR

*******************************************************************************
Wed Mar 13 03:29:40 2019


FIT:    data read from 'pendthetavT.dat' u 1:2
        format = x:z
        x range restricted to [-6000.00 : 10000.0]
        #datapoints = 8
        residuals are weighted equally (unit weight)

function used for fitting: f(x)
	f(x) = (x-180)**(p)
fitted parameters initialized with current variable values

iter      chisq       delta/lim  lambda   p            
   0 4.5572718323e+01  0.00e+00 7.89e-01  2.111658e-01
   1 4.5572554363e+01 -3.60e-01 7.89e-01  2.109122e-01

After 1 iterations the fit converged.
final sum of squares of residuals : 45.5726
rel. change during last iteration : -3.59778e-006

degrees of freedom    (FIT_NDF)                        : 7
rms of residuals      (FIT_STDFIT) = sqrt(WSSR/ndf)    : 2.55154
variance of residuals (reduced chisquare) = WSSR/ndf   : 6.51036

Final set of parameters            Asymptotic Standard Error
=======================            ==========================
p               = 0.210912         +/- 0.2412       (114.4%)


*******************************************************************************
Wed Mar 13 03:30:46 2019


FIT:    data read from 'pendthetavT.dat' u 1:2
        format = x:z
        x range restricted to [-114.994 : 275.631]
        #datapoints = 8
        residuals are weighted equally (unit weight)

function used for fitting: f(x)
	f(x) = -(x-180)**(p)
fitted parameters initialized with current variable values

iter      chisq       delta/lim  lambda   a             p            
   0 5.5601450882e+04  0.00e+00 2.84e+02  1.000000e+00  1.000000e+00
BREAK: Singular matrix in Invert_RtR

*******************************************************************************
Wed Mar 13 03:30:50 2019


FIT:    data read from 'pendthetavT.dat' u 1:2
        format = x:z
        x range restricted to [-114.994 : 275.631]
        #datapoints = 8
        residuals are weighted equally (unit weight)

function used for fitting: f(x)
	f(x) = -(x-180)**(p)
fitted parameters initialized with current variable values

iter      chisq       delta/lim  lambda   p            
   0 5.7507417475e+01  0.00e+00 2.59e+01  5.651339e-01
   2 5.7502103647e+01 -4.64e-02 2.59e-01  5.645667e-01

After 2 iterations the fit converged.
final sum of squares of residuals : 57.5021
rel. change during last iteration : -4.63603e-007

degrees of freedom    (FIT_NDF)                        : 7
rms of residuals      (FIT_STDFIT) = sqrt(WSSR/ndf)    : 2.86611
variance of residuals (reduced chisquare) = WSSR/ndf   : 8.21459

Final set of parameters            Asymptotic Standard Error
=======================            ==========================
p               = 0.564567         +/- 0.02225      (3.941%)
